 
****************************************
Report : area
Design : CONVEX
Version: T-2022.03
Date   : Wed Apr 30 03:52:45 2025
****************************************

Library(s) Used:

    slow (File: /cad/CBDK/CBDK_IC_Contest_v2.5/SynopsysDC/db/slow.db)

Number of ports:                           19
Number of nets:                         15725
Number of cells:                        14669
Number of combinational cells:          14315
Number of sequential cells:               354
Number of macros/black boxes:               0
Number of buf/inv:                       1687
Number of references:                     184

Combinational area:             160421.274494
Buf/Inv area:                     9795.695349
Noncombinational area:           15310.547688
Macro/Black Box area:                0.000000
Net Interconnect area:         1854309.201050

Total cell area:                175731.822181
Total area:                    2030041.023231
1
