 
****************************************
Report : timing
        -path full
        -delay max
        -max_paths 1
Design : CONVEX
Version: T-2022.03
Date   : Wed Apr 30 03:52:45 2025
****************************************

Operating Conditions: slow   Library: slow
Wire Load Model Mode: top

  Startpoint: same_line_drop_old_idx3_reg[2]
              (rising edge-triggered flip-flop clocked by CLK)
  Endpoint: same_line_drop_old_idx_final_reg[1]
            (rising edge-triggered flip-flop clocked by CLK)
  Path Group: CLK
  Path Type: max

  Des/Clust/Port     Wire Load Model       Library
  ------------------------------------------------
  CONVEX             tsmc13_wl10           slow

  Point                                                   Incr       Path
  --------------------------------------------------------------------------
  clock CLK (rise edge)                                   0.00       0.00
  clock network delay (ideal)                             0.50       0.50
  same_line_drop_old_idx3_reg[2]/CK (DFFRX4)              0.00       0.50 r
  same_line_drop_old_idx3_reg[2]/Q (DFFRX4)               0.57       1.07 f
  U10093/Y (NOR2X8)                                       0.13       1.20 r
  U10088/Y (BUFX6)                                        0.18       1.38 r
  U14780/Y (NAND2X4)                                      0.14       1.53 f
  U14895/Y (BUFX16)                                       0.22       1.75 f
  U11406/Y (OAI22XL)                                      0.48       2.23 r
  U11404/Y (AOI211XL)                                     0.29       2.52 f
  U15638/Y (OAI211X1)                                     0.27       2.79 r
  U15639/Y (OR2X4)                                        0.21       3.00 r
  U9820/Y (INVX6)                                         0.10       3.10 f
  U8195/Y (NOR2X1)                                        0.30       3.40 r
  U15707/Y (XNOR2X4)                                      0.24       3.64 r
  U15709/Y (XOR2X4)                                       0.53       4.17 r
  U15710/Y (NAND2X6)                                      0.28       4.45 f
  U15766/Y (OAI22X1)                                      0.34       4.79 r
  U15812/S (ADDFHX4)                                      0.38       5.17 r
  U13666/S (ADDFHX2)                                      0.32       5.49 r
  U9482/S (ADDFHX2)                                       0.34       5.83 f
  U15869/S (ADDFHX4)                                      0.30       6.13 f
  U15774/Y (NOR2X4)                                       0.14       6.28 r
  U15775/Y (INVX4)                                        0.10       6.38 f
  U15782/Y (NAND2X4)                                      0.09       6.46 r
  U15786/Y (OAI21X4)                                      0.14       6.60 f
  U11927/Y (NOR2X1)                                       0.30       6.90 r
  U13305/Y (XNOR2X4)                                      0.26       7.17 r
  U13304/Y (NAND3X6)                                      0.14       7.31 f
  U9295/Y (NOR4X6)                                        0.18       7.49 r
  U10081/Y (AND2X8)                                       0.16       7.66 r
  U10080/Y (NAND3X8)                                      0.11       7.77 f
  U10104/Y (NAND2X8)                                      0.13       7.90 r
  U10103/Y (OAI21X4)                                      0.08       7.98 f
  U10102/Y (OAI2BB1X4)                                    0.16       8.14 f
  U9287/Y (NAND2X4)                                       0.09       8.23 r
  same_line_drop_old_idx_final_reg[1]/D (DFFRX2)          0.00       8.23 r
  data arrival time                                                  8.23

  clock CLK (rise edge)                                   8.00       8.00
  clock network delay (ideal)                             0.50       8.50
  clock uncertainty                                      -0.10       8.40
  same_line_drop_old_idx_final_reg[1]/CK (DFFRX2)         0.00       8.40 r
  library setup time                                     -0.17       8.23
  data required time                                                 8.23
  --------------------------------------------------------------------------
  data required time                                                 8.23
  data arrival time                                                 -8.23
  --------------------------------------------------------------------------
  slack (MET)                                                        0.00


1
